4037
0 0 0 11
0 12 0 23
0 24 0 35
0 36 0 47
0 48 0 59
0 60 0 71
0 72 0 83
0 84 0 95
0 96 0 107
0 108 0 119
0 120 0 131
0 132 0 143
0 144 0 155
0 156 0 167
0 168 0 179
0 180 0 191
0 192 0 203
0 204 0 215
0 216 11 216
0 217 0 228
0 229 0 240
0 241 11 241
0 242 11 242
0 243 11 243
0 244 11 244
0 245 11 245
0 246 11 246
0 247 11 247
0 248 11 248
0 249 11 249
1 0 1 11
1 12 1 23
1 24 1 35
1 36 1 47
1 48 1 59
1 60 1 71
1 72 1 83
1 84 1 95
1 96 1 107
1 108 1 119
1 120 1 131
1 132 1 143
1 144 1 155
1 156 1 167
1 168 1 179
1 180 1 191
1 192 12 192
1 193 12 193
1 194 12 194
1 195 12 195
1 196 12 196
1 197 12 197
1 198 1 209
1 210 12 210
1 211 3 214
1 215 12 215
1 217 1 228
1 229 1 240
2 0 13 0
2 1 13 1
2 2 13 2
2 3 2 14
2 15 2 26
2 27 2 38
2 39 2 50
2 51 2 62
2 63 2 74
2 75 2 86
2 87 2 98
2 99 2 110
2 111 2 122
2 123 2 134
2 135 2 146
2 147 2 158
2 159 2 170
2 171 2 182
2 183 13 183
2 184 13 184
2 185 13 185
2 186 13 186
2 187 13 187
2 188 7 189
2 190 13 190
2 191 13 191
2 198 2 209
2 217 2 228
2 229 2 240
3 3 3 14
3 15 3 26
3 27 3 38
3 39 3 50
3 51 3 62
3 63 14 63
3 64 3 75
3 76 3 87
3 88 3 99
3 100 3 111
3 112 3 123
3 124 3 135
3 136 14 136
3 137 3 148
3 149 3 160
3 161 14 161
3 162 14 162
3 163 14 163
3 164 14 164
3 165 14 165
3 166 14 166
3 167 14 167
3 168 14 168
3 169 3 180
3 181 14 181
3 182 14 182
3 198 14 198
3 199 14 199
3 200 14 200
3 201 14 201
3 202 14 202
3 203 14 203
3 204 14 204
3 205 14 205
3 206 14 206
3 207 14 207
3 208 14 208
3 217 3 228
3 229 3 240
4 3 4 14
4 15 4 26
4 27 15 27
4 28 15 28
4 29 15 29
4 30 4 41
4 42 4 53
4 54 15 54
4 55 15 55
4 56 15 56
4 57 15 57
4 58 15 58
4 59 15 59
4 60 15 60
4 61 15 61
4 62 15 62
4 64 4 75
4 76 4 87
4 88 4 99
4 100 4 111
4 112 15 112
4 113 5 118
4 119 15 119
4 120 4 131
4 132 15 132
4 133 9 134
4 135 15 135
4 137 4 148
4 149 4 160
4 169 4 180
4 211 15 211
4 212 15 212
4 213 15 213
4 214 15 214
4 217 4 228
4 229 4 240
5 3 5 14
5 15 16 15
5 16 16 16
5 17 6 22
5 23 10 24
5 25 16 25
5 30 5 41
5 42 16 42
5 43 16 43
5 44 16 44
5 45 16 45
5 46 16 46
5 47 16 47
5 48 16 48
5 49 16 49
5 50 16 50
5 51 16 51
5 52 16 52
5 53 16 53
5 64 5 75
5 76 5 87
5 88 5 99
5 100 5 111
5 120 5 131
5 137 5 148
5 149 5 160
5 169 5 180
5 209 16 209
5 217 5 228
5 229 5 240
6 3 6 14
6 26 17 26
6 30 6 41
6 64 17 64
6 65 17 65
6 66 17 66
6 67 6 78
6 79 6 90
6 91 6 102
6 103 11 104
6 105 17 105
6 106 17 106
6 107 17 107
6 108 17 108
6 109 17 109
6 110 17 110
6 111 17 111
6 113 17 113
6 114 17 114
6 115 17 115
6 116 17 116
6 117 17 117
6 118 17 118
6 120 6 131
6 137 17 137
6 138 17 138
6 139 17 139
6 140 17 140
6 141 6 152
6 153 17 153
6 154 17 154
6 155 17 155
6 156 11 157
6 158 17 158
6 169 6 180
6 217 17 217
6 218 17 218
6 219 17 219
6 220 17 220
6 221 17 221
6 222 17 222
6 223 11 224
6 225 17 225
6 226 6 237
6 238 11 239
6 240 17 240
7 3 7 14
7 17 18 17
7 18 18 18
7 19 18 19
7 20 18 20
7 21 18 21
7 22 18 22
7 30 7 41
7 67 8 72
7 73 7 84
7 85 7 96
7 97 18 97
7 98 18 98
7 99 18 99
7 100 12 101
7 102 18 102
7 120 7 131
7 141 7 152
7 160 18 160
7 169 7 180
7 226 7 237
8 3 8 14
8 30 8 41
8 73 19 73
8 74 8 85
8 86 19 86
8 87 19 87
8 88 19 88
8 89 19 89
8 90 19 90
8 91 19 91
8 92 19 92
8 93 10 96
8 120 8 131
8 141 8 152
8 169 8 180
8 188 19 188
8 189 19 189
8 226 19 226
8 227 13 228
8 229 19 229
8 230 19 230
8 231 19 231
8 232 19 232
8 233 19 233
8 234 19 234
8 235 19 235
8 236 13 237
9 3 9 14
9 30 9 41
9 67 10 72
9 74 9 85
9 120 9 131
9 141 20 141
9 142 20 142
9 143 20 143
9 144 20 144
9 145 20 145
9 146 20 146
9 147 10 152
9 169 9 180
10 3 10 14
10 30 10 41
10 74 10 85
10 120 10 131
10 133 15 134
10 159 21 159
10 169 21 169
10 170 21 170
10 171 21 171
10 172 21 172
10 173 21 173
10 174 21 174
10 175 21 175
10 176 15 177
10 178 21 178
10 179 21 179
10 180 21 180
11 3 11 14
11 23 22 23
11 24 22 24
11 30 11 41
11 67 22 67
11 68 22 68
11 69 22 69
11 70 22 70
11 71 22 71
11 72 22 72
11 74 11 85
11 93 22 93
11 94 22 94
11 95 22 95
11 96 22 96
11 120 11 131
11 147 22 147
11 148 22 148
11 149 22 149
11 150 22 150
11 151 22 151
11 152 22 152
12 3 12 14
12 30 12 41
12 74 23 74
12 75 17 76
12 77 23 77
12 78 13 83
12 84 23 84
12 85 23 85
12 104 23 104
12 120 13 125
12 126 23 126
12 127 23 127
12 128 23 128
12 129 17 130
12 131 23 131
12 156 17 157
12 216 23 216
12 223 23 223
12 224 23 224
12 238 23 238
12 239 23 239
12 241 23 241
12 242 23 242
12 243 23 243
12 244 23 244
12 245 23 245
12 246 23 246
12 247 23 247
12 248 23 248
12 249 23 249
13 3 13 14
13 30 13 41
13 100 24 100
13 101 24 101
13 103 24 103
13 192 24 192
13 193 24 193
13 194 24 194
13 195 24 195
13 196 24 196
13 197 24 197
13 210 24 210
13 215 24 215
14 0 14 11
14 12 25 12
14 13 25 13
14 14 25 14
14 30 14 41
14 78 15 83
14 120 15 125
14 183 25 183
14 184 25 184
14 185 25 185
14 186 25 186
14 187 25 187
14 190 25 190
14 191 25 191
14 227 19 228
14 236 25 236
15 0 15 11
15 30 15 41
15 63 26 63
15 136 26 136
15 161 26 161
15 162 26 162
15 163 26 163
15 164 26 164
15 165 26 165
15 166 26 166
15 168 26 168
15 181 26 181
15 182 26 182
15 198 26 198
15 199 26 199
15 200 26 200
15 201 26 201
15 202 26 202
15 203 26 203
15 204 26 204
15 205 20 206
15 207 26 207
15 208 26 208
15 237 26 237
16 0 16 11
16 27 16 38
16 39 27 39
16 40 27 40
16 41 27 41
16 54 27 54
16 55 27 55
16 56 27 56
16 57 27 57
16 58 27 58
16 59 27 59
16 60 27 60
16 61 27 61
16 62 27 62
16 78 27 78
16 79 27 79
16 80 21 81
16 82 27 82
16 83 27 83
16 112 27 112
16 119 27 119
16 120 21 121
16 122 27 122
16 123 27 123
16 124 27 124
16 125 27 125
16 132 27 132
16 133 27 133
16 134 21 135
16 167 27 167
16 177 27 177
16 211 21 212
16 213 27 213
17 0 17 11
17 15 28 15
17 16 28 16
17 25 28 25
17 27 17 38
17 42 17 53
18 0 18 11
18 26 18 37
18 38 29 38
18 42 18 53
18 64 29 64
18 65 29 65
18 66 29 66
18 75 29 75
18 76 29 76
18 105 29 105
18 106 29 106
18 107 29 107
18 108 29 108
18 109 29 109
18 110 29 110
18 111 29 111
18 113 29 113
18 114 29 114
18 115 29 115
18 116 21 118
18 129 23 130
18 137 29 137
18 138 29 138
18 139 29 139
18 140 29 140
18 153 29 153
18 154 23 155
18 156 29 156
18 157 29 157
18 158 29 158
18 176 29 176
18 217 29 217
18 218 29 218
18 219 23 220
18 221 29 221
18 222 29 222
18 225 29 225
18 240 29 240
19 0 19 11
19 17 30 17
19 18 30 18
19 19 30 19
19 20 30 20
19 21 24 22
19 26 19 37
19 42 19 53
19 97 30 97
19 98 30 98
19 99 30 99
19 102 30 102
19 160 30 160
19 209 30 209
20 0 20 11
20 26 20 37
20 42 20 53
20 73 31 73
20 86 31 86
20 87 31 87
20 88 31 88
20 89 31 89
20 90 25 91
20 92 31 92
20 188 31 188
20 189 31 189
20 226 21 231
20 232 31 232
20 233 31 233
20 234 31 234
20 235 31 235
21 0 21 11
21 26 21 37
21 42 21 53
21 141 32 141
21 142 32 142
21 143 26 144
21 145 32 145
21 146 32 146
21 205 32 205
21 206 32 206
22 0 22 11
22 26 22 37
22 42 22 53
22 80 33 80
22 116 33 116
22 117 33 117
22 118 33 118
22 120 33 120
22 121 33 121
22 134 27 135
22 159 33 159
22 169 27 170
22 171 33 171
22 172 33 172
22 173 33 173
22 174 33 174
22 175 33 175
22 178 33 178
22 179 33 179
22 180 33 180
22 211 33 211
22 212 33 212
22 226 33 226
22 227 33 227
22 228 33 228
22 229 33 229
22 230 33 230
22 231 33 231
23 0 23 11
23 23 34 23
23 26 23 37
23 42 34 42
23 43 34 43
23 44 34 44
23 45 34 45
23 46 34 46
23 47 34 47
23 48 34 48
23 49 34 49
23 50 34 50
23 51 34 51
23 52 34 52
23 53 34 53
23 67 24 72
23 93 34 93
23 94 34 94
23 95 34 95
23 96 34 96
23 147 34 147
23 148 34 148
23 149 34 149
23 150 34 150
23 151 28 152
23 214 34 214
24 0 24 11
24 24 35 24
24 26 24 37
24 74 35 74
24 77 35 77
24 84 35 84
24 85 35 85
24 104 35 104
24 126 35 126
24 127 35 127
24 128 35 128
24 129 29 130
24 154 35 154
24 155 35 155
24 216 35 216
24 219 35 219
24 220 35 220
24 223 29 224
24 238 35 238
24 239 35 239
24 241 35 241
24 242 35 242
24 243 35 243
24 244 35 244
24 245 35 245
24 246 35 246
24 247 29 248
24 249 35 249
25 0 25 11
25 21 36 21
25 26 25 37
25 67 26 72
25 100 36 100
25 101 36 101
25 103 36 103
25 192 36 192
25 193 36 193
25 194 36 194
25 195 36 195
25 196 30 197
25 210 36 210
25 215 36 215
26 0 26 11
26 12 37 12
26 13 37 13
26 26 26 37
26 90 31 91
26 183 37 183
26 184 37 184
26 185 37 185
26 186 37 186
26 187 37 187
26 190 37 190
26 191 37 191
26 236 37 236
27 0 27 11
27 14 38 14
27 26 38 26
27 27 38 27
27 28 38 28
27 29 28 34
27 35 32 36
27 37 38 37
27 63 38 63
27 67 38 67
27 68 38 68
27 69 38 69
27 70 38 70
27 71 38 71
27 72 38 72
27 131 38 131
27 136 38 136
27 143 32 144
27 161 28 166
27 168 38 168
27 181 38 181
27 182 38 182
27 198 38 198
27 199 28 204
27 207 38 207
27 237 38 237
28 0 28 11
28 22 39 22
28 39 39 39
28 40 33 41
28 54 39 54
28 55 39 55
28 56 39 56
28 57 39 57
28 58 39 58
28 59 39 59
28 60 39 60
28 61 39 61
28 78 39 78
28 79 39 79
28 82 39 82
28 83 39 83
28 112 39 112
28 119 39 119
28 122 39 122
28 123 39 123
28 124 39 124
28 125 39 125
28 132 39 132
28 133 39 133
28 134 39 134
28 135 39 135
28 167 39 167
28 169 33 170
28 213 39 213
29 0 29 11
29 15 40 15
29 16 40 16
29 25 40 25
29 29 40 29
29 30 40 30
29 31 40 31
29 32 40 32
29 33 40 33
29 34 40 34
29 151 40 151
29 152 40 152
29 161 40 161
29 162 40 162
29 163 40 163
29 164 40 164
29 165 40 165
29 166 40 166
29 177 40 177
29 199 30 204
29 208 40 208
30 0 30 11
30 38 41 38
30 62 41 62
30 64 41 64
30 65 41 65
30 66 41 66
30 75 41 75
30 76 41 76
30 105 31 110
30 111 41 111
30 113 35 114
30 115 41 115
30 129 41 129
30 130 41 130
30 137 41 137
30 138 41 138
30 139 41 139
30 140 41 140
30 156 41 156
30 157 41 157
30 158 41 158
30 176 41 176
30 217 41 217
30 218 41 218
30 221 41 221
30 222 41 222
30 223 41 223
30 224 41 224
30 240 41 240
30 247 41 247
30 248 41 248
31 0 31 11
31 17 42 17
31 18 42 18
31 19 42 19
31 20 42 20
31 97 42 97
31 98 42 98
31 99 42 99
31 102 42 102
31 160 42 160
31 196 42 196
31 197 42 197
31 199 32 204
31 209 42 209
32 0 32 11
32 81 43 81
32 86 43 86
32 87 43 87
32 88 43 88
32 89 43 89
32 91 43 91
32 92 43 92
32 105 43 105
32 106 43 106
32 107 43 107
32 108 43 108
32 109 43 109
32 110 43 110
32 188 37 189
32 232 43 232
32 233 43 233
32 234 43 234
32 235 43 235
33 0 33 11
33 35 44 35
33 36 44 36
33 141 44 141
33 142 44 142
33 143 44 143
33 144 44 144
33 145 44 145
33 146 44 146
33 199 34 204
33 205 44 205
33 206 44 206
34 0 39 1
34 2 45 2
34 3 45 3
34 4 39 5
34 6 45 6
34 7 45 7
34 8 45 8
34 9 45 9
34 10 45 10
34 11 45 11
34 40 39 41
34 73 45 73
34 80 45 80
34 116 45 116
34 117 45 117
34 120 45 120
34 121 45 121
34 169 45 169
34 170 45 170
34 171 45 171
34 172 45 172
34 173 45 173
34 174 45 174
34 178 45 178
34 179 45 179
34 180 45 180
34 211 45 211
34 225 35 230
34 231 45 231
35 23 46 23
35 42 35 53
35 93 46 93
35 94 46 94
35 95 46 95
35 147 46 147
35 148 46 148
35 149 40 150
35 199 46 199
35 200 46 200
35 201 46 201
35 202 46 202
35 203 46 203
35 204 46 204
35 214 46 214
36 24 47 24
36 42 36 53
36 74 47 74
36 77 47 77
36 84 47 84
36 85 47 85
36 90 47 90
36 104 47 104
36 113 41 114
36 126 47 126
36 127 47 127
36 128 47 128
36 153 41 154
36 155 47 155
36 216 47 216
36 219 47 219
36 220 47 220
36 225 41 226
36 227 47 227
36 228 47 228
36 229 47 229
36 230 47 230
36 238 47 238
36 239 47 239
36 241 47 241
36 242 47 242
36 243 47 243
36 244 47 244
36 245 47 245
36 246 47 246
36 249 47 249
37 21 48 21
37 42 37 53
37 100 42 101
37 103 48 103
37 192 48 192
37 193 48 193
37 194 48 194
37 195 48 195
37 210 48 210
37 212 48 212
37 215 48 215
38 12 49 12
38 13 49 13
38 42 38 53
38 159 49 159
38 183 39 188
38 189 43 190
38 191 49 191
38 236 49 236
39 14 50 14
39 26 50 26
39 27 50 27
39 28 50 28
39 37 50 37
39 42 39 53
39 63 50 63
39 67 50 67
39 68 50 68
39 69 50 69
39 70 50 70
39 71 50 71
39 72 50 72
39 96 50 96
39 131 50 131
39 136 50 136
39 168 50 168
39 181 50 181
39 182 50 182
39 198 50 198
39 207 50 207
39 237 50 237
40 1 51 1
40 4 51 4
40 5 51 5
40 22 51 22
40 39 40 50
40 51 51 51
40 52 51 52
40 53 51 53
40 54 51 54
40 55 51 55
40 56 42 59
40 60 51 60
40 61 51 61
40 78 51 78
40 79 51 79
40 82 51 82
40 83 51 83
40 112 51 112
40 119 51 119
40 122 45 123
40 124 51 124
40 125 51 125
40 132 42 135
40 167 51 167
40 183 51 183
40 184 51 184
40 185 51 185
40 186 51 186
40 187 51 187
40 188 51 188
40 213 51 213
41 15 52 15
41 16 52 16
41 25 52 25
41 29 52 29
41 30 52 30
41 31 52 31
41 32 52 32
41 33 52 33
41 34 52 34
41 39 41 50
41 149 43 152
41 161 52 161
41 162 52 162
41 163 52 163
41 164 52 164
41 165 52 165
41 166 52 166
41 177 52 177
41 208 52 208
42 0 53 0
42 38 53 38
42 39 53 39
42 40 53 40
42 41 53 41
42 42 53 42
42 43 53 43
42 44 53 44
42 45 53 45
42 46 53 46
42 47 53 47
42 48 53 48
42 49 53 49
42 50 53 50
42 62 53 62
42 64 53 64
42 65 53 65
42 66 53 66
42 75 53 75
42 76 53 76
42 111 53 111
42 113 53 113
42 114 53 114
42 115 53 115
42 129 53 129
42 130 53 130
42 137 53 137
42 138 53 138
42 139 53 139
42 140 53 140
42 154 53 154
42 156 53 156
42 157 53 157
42 158 53 158
42 175 47 176
42 218 53 218
42 221 53 221
42 222 53 222
42 223 53 223
42 224 53 224
42 225 53 225
42 226 53 226
42 240 53 240
42 247 53 247
42 248 53 248
43 17 54 17
43 18 54 18
43 19 48 20
43 56 48 57
43 58 54 58
43 59 54 59
43 97 54 97
43 98 54 98
43 99 54 99
43 100 54 100
43 101 54 101
43 102 54 102
43 118 54 118
43 132 48 133
43 134 54 134
43 135 54 135
43 160 54 160
43 196 54 196
43 197 54 197
43 209 54 209
44 81 55 81
44 86 55 86
44 87 55 87
44 88 55 88
44 89 55 89
44 91 55 91
44 92 55 92
44 105 55 105
44 106 55 106
44 107 55 107
44 108 55 108
44 109 55 109
44 110 55 110
44 149 55 149
44 150 55 150
44 151 55 151
44 152 55 152
44 189 55 189
44 232 55 232
44 233 55 233
44 234 55 234
44 235 55 235
45 35 56 35
45 36 56 36
45 141 56 141
45 142 56 142
45 143 56 143
45 144 56 144
45 145 56 145
45 146 56 146
45 153 56 153
45 205 50 206
46 2 57 2
46 6 57 6
46 7 57 7
46 8 57 8
46 9 57 9
46 10 51 11
46 73 57 73
46 80 57 80
46 116 57 116
46 117 57 117
46 120 57 120
46 121 51 122
46 169 57 169
46 170 57 170
46 171 57 171
46 172 57 172
46 174 57 174
46 178 57 178
46 179 57 179
46 180 57 180
46 211 57 211
46 217 57 217
46 231 57 231
47 3 58 3
47 23 58 23
47 93 58 93
47 94 58 94
47 95 58 95
47 147 58 147
47 148 58 148
47 199 58 199
47 200 58 200
47 201 58 201
47 202 58 202
47 203 58 203
47 204 58 204
47 214 58 214
48 24 59 24
48 74 59 74
48 84 59 84
48 85 59 85
48 90 59 90
48 104 59 104
48 126 53 127
48 128 59 128
48 155 59 155
48 176 59 176
48 216 59 216
48 219 59 219
48 220 59 220
48 227 59 227
48 228 53 229
48 230 59 230
48 239 59 239
48 241 59 241
48 242 59 242
48 243 53 244
48 245 53 246
48 249 59 249
49 19 60 19
49 20 60 20
49 21 60 21
49 56 60 56
49 57 60 57
49 77 60 77
49 103 60 103
49 132 60 132
49 133 60 133
49 173 60 173
49 192 60 192
49 193 60 193
49 194 60 194
49 195 60 195
49 212 60 212
49 215 60 215
50 12 61 12
50 13 61 13
50 191 61 191
50 236 61 236
51 14 62 14
51 26 62 26
51 27 62 27
51 37 62 37
51 63 62 63
51 67 62 67
51 68 62 68
51 69 62 69
51 70 62 70
51 71 62 71
51 72 62 72
51 96 62 96
51 131 62 131
51 136 62 136
51 168 62 168
51 181 62 181
51 182 62 182
51 198 62 198
51 205 62 205
51 206 62 206
51 210 62 210
51 237 62 237
51 238 62 238
52 1 63 1
52 4 63 4
52 5 63 5
52 10 63 10
52 11 63 11
52 22 63 22
52 51 63 51
52 52 63 52
52 53 63 53
52 54 63 54
52 55 63 55
52 60 63 60
52 61 63 61
52 78 63 78
52 79 63 79
52 82 63 82
52 112 63 112
52 119 63 119
52 122 63 122
52 123 57 124
52 125 63 125
52 175 63 175
52 183 63 183
52 184 63 184
52 185 63 185
52 186 63 186
52 187 57 188
52 213 63 213
53 15 58 16
53 25 64 25
53 28 64 28
53 29 64 29
53 30 64 30
53 31 64 31
53 32 64 32
53 33 64 33
53 34 64 34
53 159 64 159
53 161 64 161
53 162 64 162
53 163 64 163
53 164 64 164
53 165 64 165
53 166 58 167
53 177 64 177
53 207 58 208
54 0 65 0
54 38 54 49
54 50 65 50
54 64 65 64
54 65 65 65
54 66 65 66
54 75 65 75
54 76 65 76
54 83 65 83
54 111 65 111
54 113 65 113
54 114 65 114
54 115 65 115
54 126 65 126
54 127 65 127
54 129 65 129
54 130 65 130
54 137 65 137
54 138 65 138
54 140 65 140
54 154 65 154
54 156 59 157
54 158 65 158
54 218 65 218
54 221 65 221
54 222 65 222
54 223 65 223
54 224 65 224
54 225 65 225
54 226 65 226
54 228 59 229
54 240 65 240
54 243 55 248
55 17 66 17
55 38 55 49
55 58 66 58
55 97 56 102
55 118 66 118
55 134 66 134
55 135 66 135
55 160 66 160
55 190 66 190
55 196 66 196
55 197 66 197
55 209 66 209
56 38 56 49
56 81 67 81
56 86 67 86
56 87 67 87
56 88 67 88
56 89 67 89
56 91 67 91
56 92 67 92
56 105 67 105
56 106 67 106
56 107 67 107
56 108 67 108
56 109 67 109
56 110 67 110
56 139 67 139
56 149 67 149
56 150 67 150
56 151 67 151
56 152 67 152
56 189 67 189
56 232 67 232
56 233 67 233
56 234 67 234
56 235 67 235
56 243 67 243
56 244 67 244
56 245 61 246
56 247 67 247
56 248 67 248
57 18 68 18
57 35 62 36
57 38 57 49
57 97 68 97
57 98 68 98
57 99 68 99
57 100 62 101
57 102 68 102
57 121 68 121
57 141 68 141
57 142 68 142
57 143 68 143
57 144 68 144
57 145 68 145
57 146 68 146
57 153 68 153
58 2 69 2
58 6 63 7
58 8 69 8
58 9 69 9
58 38 58 49
58 59 69 59
58 62 69 62
58 73 69 73
58 80 69 80
58 117 69 117
58 120 69 120
58 123 69 123
58 124 69 124
58 169 69 169
58 170 63 171
58 172 69 172
58 174 69 174
58 178 69 178
58 179 69 179
58 180 69 180
58 187 69 187
58 188 69 188
58 211 69 211
58 217 69 217
58 231 69 231
59 3 70 3
59 15 70 15
59 16 70 16
59 38 59 49
59 93 70 93
59 94 70 94
59 95 70 95
59 147 70 147
59 148 70 148
59 167 70 167
59 199 70 199
59 200 70 200
59 201 70 201
59 202 70 202
59 203 70 203
59 204 70 204
59 207 70 207
59 208 70 208
59 214 70 214
60 23 71 23
60 24 71 24
60 38 60 49
60 74 71 74
60 84 65 85
60 90 71 90
60 104 71 104
60 155 71 155
60 156 71 156
60 157 71 157
60 176 71 176
60 216 71 216
60 219 71 219
60 220 71 220
60 227 71 227
60 228 63 230
60 241 71 241
60 242 71 242
60 249 71 249
61 19 72 19
61 20 72 20
61 38 61 49
61 56 72 56
61 57 72 57
61 103 72 103
61 133 72 133
61 166 72 166
61 173 72 173
61 192 63 195
61 212 72 212
61 215 72 215
62 12 73 12
62 13 73 13
62 38 62 49
62 116 73 116
62 132 73 132
62 191 73 191
62 245 73 245
62 246 73 246
63 14 74 14
63 26 74 26
63 35 63 46
63 47 74 47
63 48 74 48
63 49 74 49
63 63 74 63
63 67 68 68
63 69 74 69
63 70 74 70
63 71 74 71
63 72 74 72
63 101 74 101
63 128 74 128
63 131 74 131
63 136 74 136
63 168 74 168
63 181 74 181
63 198 74 198
63 205 74 205
63 206 74 206
63 210 74 210
63 237 68 238
64 1 75 1
64 4 75 4
64 7 75 7
64 10 69 11
64 35 75 35
64 36 75 36
64 37 75 37
64 38 75 38
64 39 75 39
64 40 75 40
64 41 75 41
64 42 75 42
64 43 69 44
64 45 75 45
64 51 75 51
64 52 69 53
64 54 75 54
64 55 75 55
64 60 69 61
64 77 69 78
64 79 75 79
64 82 75 82
64 112 75 112
64 122 75 122
64 125 75 125
64 170 69 171
64 175 75 175
64 182 69 183
64 184 75 184
64 185 75 185
64 186 75 186
64 192 75 192
64 193 75 193
64 194 75 194
64 195 75 195
64 213 75 213
64 228 75 228
64 229 75 229
64 230 75 230
65 5 76 5
65 25 76 25
65 27 66 32
65 33 76 33
65 34 76 34
65 46 76 46
65 96 76 96
65 159 76 159
65 161 76 161
65 162 76 162
65 163 76 163
65 164 76 164
65 165 76 165
65 177 76 177
66 0 77 0
66 6 77 6
66 21 77 21
66 50 77 50
66 64 77 64
66 66 77 66
66 75 77 75
66 76 77 76
66 83 77 83
66 84 77 84
66 85 77 85
66 100 77 100
66 111 77 111
66 113 71 114
66 115 77 115
66 126 77 126
66 127 77 127
66 129 77 129
66 130 77 130
66 137 77 137
66 138 77 138
66 140 77 140
66 158 77 158
66 218 77 218
66 221 67 226
67 17 78 17
67 27 68 32
67 58 78 58
67 118 78 118
67 134 72 135
67 160 78 160
67 190 78 190
67 196 72 197
67 209 78 209
67 236 78 236
68 81 79 81
68 86 79 86
68 87 79 87
68 88 79 88
68 89 79 89
68 91 79 91
68 92 79 92
68 105 79 105
68 106 79 106
68 107 79 107
68 108 71 110
68 119 79 119
68 139 79 139
68 149 79 149
68 150 71 152
68 154 79 154
68 221 69 226
68 232 79 232
68 234 79 234
68 235 79 235
68 239 73 240
68 243 79 243
68 247 79 247
68 248 79 248
69 18 80 18
69 27 71 30
69 31 80 31
69 32 80 32
69 67 80 67
69 68 80 68
69 97 80 97
69 98 80 98
69 102 80 102
69 121 80 121
69 141 80 141
69 142 80 142
69 143 80 143
69 144 80 144
69 145 80 145
69 146 80 146
69 153 80 153
69 233 80 233
69 237 80 237
69 238 80 238
70 2 81 2
70 8 81 8
70 9 81 9
70 10 81 10
70 11 81 11
70 22 81 22
70 44 81 44
70 52 81 52
70 53 81 53
70 59 81 59
70 60 81 60
70 61 81 61
70 62 81 62
70 65 81 65
70 73 81 73
70 77 81 77
70 78 81 78
70 80 81 80
70 123 81 123
70 124 81 124
70 169 81 169
70 170 81 170
70 171 81 171
70 172 81 172
70 174 81 174
70 178 81 178
70 179 81 179
70 180 81 180
70 183 81 183
70 187 81 187
70 188 81 188
70 189 81 189
70 217 81 217
70 221 71 226
70 231 81 231
70 244 81 244
71 3 82 3
71 15 82 15
71 16 82 16
71 43 82 43
71 93 82 93
71 95 82 95
71 147 82 147
71 148 82 148
71 167 82 167
71 199 76 200
71 201 76 202
71 203 82 203
71 204 82 204
71 207 82 207
71 208 82 208
71 211 82 211
71 214 82 214
72 23 83 23
72 24 83 24
72 27 74 30
72 74 83 74
72 90 83 90
72 94 83 94
72 99 83 99
72 104 83 104
72 108 77 109
72 113 83 113
72 114 83 114
72 150 83 150
72 151 83 151
72 152 83 152
72 156 83 156
72 157 83 157
72 176 83 176
72 216 83 216
72 219 83 219
72 220 83 220
72 221 73 226
72 227 83 227
72 241 77 242
72 249 83 249
73 19 78 20
73 56 84 56
73 57 84 57
73 103 84 103
73 133 84 133
73 134 84 134
73 135 84 135
73 166 84 166
73 173 84 173
73 196 78 197
73 212 84 212
73 215 84 215
74 116 85 116
74 132 85 132
74 191 85 191
74 221 75 226
74 245 85 245
74 246 85 246
75 12 78 14
75 26 86 26
75 27 86 27
75 28 86 28
75 29 86 29
75 30 86 30
75 47 86 47
75 48 86 48
75 49 86 49
75 63 86 63
75 69 86 69
75 70 78 72
75 101 86 101
75 110 86 110
75 128 86 128
75 131 86 131
75 136 86 136
75 168 86 168
75 181 86 181
75 198 86 198
75 205 80 206
75 210 86 210
75 239 86 239
76 1 87 1
76 4 87 4
76 7 87 7
76 35 87 35
76 36 87 36
76 37 87 37
76 38 87 38
76 39 87 39
76 40 87 40
76 41 87 41
76 42 87 42
76 51 87 51
76 54 87 54
76 79 87 79
76 82 87 82
76 112 87 112
76 122 87 122
76 125 87 125
76 155 87 155
76 175 87 175
76 184 87 184
76 185 87 185
76 192 87 192
76 193 87 193
76 221 87 221
76 222 87 222
76 223 87 223
76 224 87 224
76 225 87 225
76 226 87 226
76 228 87 228
76 229 87 229
77 5 88 5
77 25 88 25
77 33 88 33
77 34 88 34
77 45 82 46
77 96 88 96
77 159 88 159
77 161 88 161
77 162 88 162
77 163 88 163
77 164 88 164
77 165 88 165
77 177 88 177
77 199 79 202
77 213 88 213
77 230 88 230
78 0 89 0
78 6 89 6
78 21 89 21
78 50 89 50
78 64 89 64
78 66 89 66
78 75 89 75
78 83 89 83
78 84 89 84
78 85 89 85
78 108 89 108
78 109 89 109
78 111 89 111
78 115 89 115
78 126 89 126
78 127 89 127
78 129 89 129
78 130 89 130
78 137 89 137
78 138 89 138
78 140 89 140
78 158 89 158
78 218 89 218
78 240 81 242
79 12 82 14
79 17 90 17
79 19 90 19
79 20 90 20
79 58 90 58
79 70 84 71
79 76 90 76
79 100 90 100
79 117 90 117
79 118 90 118
79 186 90 186
79 190 90 190
79 197 90 197
79 209 90 209
79 236 90 236
80 72 91 72
80 81 91 81
80 86 85 87
80 88 91 88
80 89 91 89
80 91 91 91
80 92 91 92
80 105 91 105
80 106 91 106
80 107 91 107
80 119 91 119
80 149 91 149
80 154 91 154
80 199 91 199
80 200 91 200
80 201 91 201
80 202 91 202
80 232 91 232
80 234 91 234
80 235 91 235
80 247 91 247
80 248 91 248
81 18 92 18
81 31 92 31
81 67 92 67
81 97 92 97
81 98 92 98
81 121 92 121
81 139 92 139
81 141 92 141
81 142 92 142
81 143 92 143
81 144 92 144
81 145 92 145
81 146 92 146
81 153 92 153
81 182 92 182
81 194 92 194
81 206 92 206
81 237 92 237
81 238 92 238
82 2 93 2
82 8 93 8
82 9 93 9
82 10 87 11
82 22 93 22
82 44 93 44
82 52 93 52
82 53 93 53
82 59 93 59
82 60 93 60
82 61 93 61
82 62 93 62
82 65 93 65
82 73 93 73
82 77 93 77
82 78 93 78
82 80 93 80
82 123 93 123
82 124 93 124
82 169 93 169
82 170 93 170
82 171 93 171
82 172 93 172
82 174 93 174
82 178 93 178
82 179 93 179
82 180 93 180
82 183 93 183
82 187 93 187
82 188 93 188
82 189 93 189
82 205 93 205
82 217 93 217
82 231 93 231
82 233 93 233
82 240 93 240
82 241 93 241
82 242 93 242
82 243 87 244
83 12 94 12
83 13 88 14
83 15 88 16
83 46 94 46
83 93 94 93
83 95 94 95
83 147 94 147
83 195 94 195
83 203 94 203
83 207 94 207
83 208 94 208
83 214 94 214
84 23 95 23
84 24 95 24
84 45 95 45
84 74 95 74
84 90 95 90
84 94 95 94
84 104 95 104
84 113 95 113
84 114 95 114
84 148 95 148
84 152 95 152
84 156 95 156
84 157 95 157
84 160 95 160
84 167 95 167
84 176 95 176
84 219 95 219
84 227 95 227
85 55 90 56
85 70 96 70
85 71 96 71
85 99 96 99
85 102 90 103
85 120 96 120
85 133 96 133
85 134 96 134
85 135 96 135
85 150 96 150
85 166 96 166
85 173 96 173
85 211 90 212
85 215 90 216
86 57 97 57
86 86 97 86
86 87 97 87
86 116 97 116
86 132 97 132
86 151 97 151
86 191 97 191
86 245 97 245
86 246 97 246
86 249 97 249
87 3 98 3
87 26 98 26
87 27 98 27
87 28 98 28
87 29 98 29
87 30 98 30
87 32 98 32
87 47 98 47
87 48 98 48
87 49 98 49
87 63 98 63
87 69 98 69
87 128 98 128
87 131 98 131
87 136 98 136
87 168 98 168
87 181 98 181
87 198 98 198
87 210 98 210
87 239 98 239
88 1 99 1
88 4 99 4
88 7 99 7
88 10 99 10
88 11 99 11
88 35 99 35
88 36 99 36
88 37 99 37
88 38 89 43
88 51 99 51
88 54 99 54
88 79 99 79
88 82 99 82
88 112 99 112
88 122 99 122
88 125 99 125
88 155 99 155
88 184 93 185
88 192 99 192
88 193 99 193
88 220 89 225
88 226 99 226
88 228 99 228
88 229 99 229
88 243 99 243
88 244 99 244
89 5 100 5
89 13 100 13
89 14 100 14
89 15 100 15
89 16 100 16
89 25 100 25
89 33 100 33
89 96 100 96
89 159 100 159
89 161 100 161
89 162 100 162
89 163 100 163
89 164 100 164
89 177 100 177
89 213 100 213
89 230 100 230
90 6 101 6
90 38 91 43
90 50 101 50
90 64 101 64
90 66 101 66
90 68 101 68
90 75 101 75
90 83 101 83
90 84 101 84
90 85 101 85
90 108 101 108
90 109 101 109
90 111 101 111
90 115 101 115
90 126 95 127
90 129 95 130
90 137 101 137
90 138 101 138
90 140 101 140
90 158 101 158
90 196 101 196
90 204 101 204
90 218 101 218
90 220 93 222
90 223 95 224
90 225 101 225
91 17 102 17
91 19 102 19
91 20 96 21
91 55 102 55
91 56 102 56
91 76 102 76
91 100 102 100
91 102 102 102
91 103 102 103
91 117 102 117
91 118 102 118
91 165 102 165
91 175 102 175
91 186 102 186
91 190 102 190
91 197 102 197
91 209 102 209
91 211 102 211
91 212 102 212
91 215 102 215
91 216 102 216
91 236 102 236
92 34 103 34
92 38 103 38
92 39 103 39
92 40 103 40
92 41 103 41
92 42 103 42
92 43 103 43
92 72 103 72
92 88 97 89
92 91 103 91
92 92 103 92
92 101 103 101
92 105 103 105
92 106 103 106
92 107 103 107
92 119 103 119
92 149 103 149
92 154 103 154
92 199 103 199
92 200 103 200
92 201 97 202
92 232 103 232
92 234 103 234
92 235 103 235
92 247 103 247
92 248 103 248
93 31 104 31
93 67 104 67
93 97 104 97
93 98 104 98
93 139 104 139
93 141 104 141
93 142 104 142
93 143 104 143
93 144 104 144
93 145 104 145
93 146 104 146
93 153 104 153
93 182 104 182
93 194 104 194
93 206 104 206
93 237 104 237
93 238 104 238
94 2 105 2
94 8 105 8
94 9 105 9
94 22 105 22
94 44 105 44
94 52 105 52
94 53 105 53
94 58 105 58
94 59 105 59
94 60 105 60
94 61 105 61
94 62 105 62
94 65 105 65
94 73 105 73
94 77 105 77
94 78 105 78
94 80 105 80
94 123 105 123
94 124 105 124
94 169 105 169
94 170 105 170
94 171 105 171
94 172 105 172
94 174 105 174
94 178 105 178
94 179 105 179
94 180 105 180
94 183 105 183
94 185 105 185
94 187 105 187
94 188 105 188
94 189 105 189
94 205 105 205
94 220 105 220
94 221 99 222
94 231 105 231
94 233 105 233
94 240 99 241
94 242 105 242
95 12 106 12
95 46 106 46
95 93 106 93
95 95 106 95
95 110 106 110
95 147 106 147
95 195 106 195
95 203 106 203
95 207 106 207
95 208 106 208
95 214 106 214
96 23 107 23
96 45 107 45
96 74 107 74
96 90 107 90
96 94 107 94
96 104 107 104
96 113 101 114
96 126 107 126
96 127 107 127
96 129 107 129
96 130 107 130
96 152 107 152
96 156 101 157
96 160 107 160
96 167 107 167
96 176 107 176
96 219 107 219
96 223 107 223
96 224 107 224
96 227 107 227
97 20 108 20
97 70 108 70
97 71 108 71
97 120 102 121
97 134 108 134
97 135 108 135
97 150 108 150
97 166 108 166
97 184 108 184
98 24 109 24
98 57 109 57
98 86 109 86
98 87 109 87
98 88 109 88
98 89 109 89
98 116 109 116
98 132 109 132
98 151 109 151
98 191 109 191
98 201 109 201
98 202 109 202
98 245 109 245
99 3 110 3
99 26 110 26
99 27 110 27
99 28 102 30
99 32 110 32
99 47 104 48
99 49 110 49
99 63 110 63
99 69 110 69
99 81 110 81
99 128 110 128
99 131 110 131
99 133 110 133
99 136 110 136
99 168 110 168
99 181 110 181
99 198 110 198
99 239 110 239
99 246 110 246
100 0 111 0
100 1 111 1
100 4 111 4
100 7 111 7
100 10 105 11
100 35 111 35
100 36 111 36
100 37 111 37
100 51 111 51
100 54 111 54
100 79 111 79
100 82 111 82
100 112 111 112
100 122 111 122
100 125 111 125
100 173 111 173
100 192 111 192
100 193 111 193
100 222 111 222
100 226 111 226
100 228 111 228
100 240 111 240
100 241 111 241
100 243 111 243
100 244 111 244
101 5 112 5
101 13 112 13
101 14 112 14
101 15 112 15
101 16 112 16
101 21 112 21
101 25 112 25
101 33 112 33
101 96 112 96
101 161 112 161
101 162 112 162
101 163 112 163
101 164 112 164
101 177 112 177
101 229 112 229
101 230 112 230
102 6 113 6
102 50 113 50
102 66 113 66
102 68 113 68
102 75 113 75
102 83 113 83
102 84 113 84
102 108 113 108
102 109 113 109
102 111 113 111
102 113 113 113
102 114 113 114
102 115 113 115
102 137 113 137
102 138 113 138
102 155 107 156
102 157 113 157
102 158 113 158
102 196 113 196
102 204 113 204
102 217 113 217
102 218 113 218
102 221 113 221
102 225 113 225
103 17 114 17
103 18 108 19
103 28 114 28
103 29 108 30
103 55 114 55
103 56 114 56
103 64 114 64
103 76 114 76
103 85 114 85
103 99 108 100
103 102 114 102
103 103 114 103
103 117 114 117
103 120 114 120
103 121 114 121
103 140 114 140
103 165 114 165
103 186 114 186
103 190 114 190
103 197 114 197
103 209 114 209
103 210 108 211
103 212 114 212
103 215 114 215
103 236 114 236
104 34 115 34
104 38 115 38
104 39 115 39
104 40 115 40
104 41 115 41
104 42 115 42
104 43 115 43
104 72 115 72
104 91 115 91
104 92 115 92
104 101 115 101
104 105 115 105
104 106 109 107
104 119 115 119
104 149 115 149
104 154 115 154
104 199 115 199
104 200 115 200
104 234 115 234
104 235 115 235
104 247 115 247
104 248 115 248
105 31 116 31
105 47 116 47
105 48 116 48
105 97 116 97
105 98 116 98
105 139 116 139
105 141 116 141
105 142 116 142
105 143 116 143
105 144 116 144
105 145 116 145
105 146 116 146
105 153 116 153
105 182 116 182
105 206 116 206
105 237 116 237
106 2 117 2
106 9 111 10
106 22 117 22
106 44 117 44
106 52 117 52
106 53 117 53
106 58 117 58
106 59 117 59
106 60 111 61
106 62 117 62
106 65 117 65
106 67 117 67
106 73 117 73
106 77 117 77
106 78 117 78
106 80 117 80
106 123 117 123
106 124 117 124
106 169 117 169
106 170 117 170
106 171 117 171
106 172 117 172
106 174 117 174
106 178 109 180
106 183 117 183
106 185 117 185
106 187 117 187
106 188 117 188
106 189 117 189
106 194 117 194
106 205 117 205
106 220 117 220
106 231 117 231
106 232 111 233
106 242 117 242
107 46 118 46
107 95 118 95
107 110 118 110
107 118 118 118
107 147 118 147
107 195 118 195
107 203 118 203
107 207 118 207
107 208 118 208
107 214 118 214
107 216 118 216
108 11 119 11
108 23 119 23
108 45 119 45
108 74 119 74
108 93 113 94
108 104 119 104
108 126 113 127
108 129 119 129
108 130 119 130
108 152 119 152
108 156 119 156
108 159 119 159
108 160 119 160
108 167 119 167
108 175 119 175
108 176 119 176
108 213 119 213
108 219 119 219
108 223 119 223
108 224 119 224
108 227 119 227
108 249 119 249
109 8 120 8
109 18 120 18
109 19 120 19
109 20 120 20
109 30 120 30
109 70 114 71
109 99 120 99
109 100 120 100
109 134 120 134
109 135 120 135
109 166 120 166
109 184 120 184
109 210 120 210
109 211 120 211
109 238 120 238
110 24 121 24
110 29 121 29
110 57 121 57
110 86 121 86
110 87 121 87
110 88 121 88
110 89 121 89
110 106 121 106
110 107 121 107
110 116 121 116
110 132 121 132
110 148 121 148
110 150 121 150
110 151 121 151
110 178 121 178
110 179 121 179
110 180 121 180
110 191 121 191
110 201 121 201
110 202 121 202
110 245 121 245
111 3 122 3
111 26 122 26
111 27 122 27
111 32 122 32
111 49 122 49
111 63 122 63
111 69 122 69
111 81 122 81
111 128 122 128
111 131 122 131
111 133 122 133
111 136 122 136
111 155 122 155
111 168 122 168
111 181 122 181
111 198 122 198
111 239 122 239
111 246 122 246
112 0 123 0
112 1 123 1
112 4 123 4
112 7 123 7
112 9 123 9
112 10 123 10
112 35 123 35
112 36 123 36
112 37 123 37
112 51 123 51
112 54 123 54
112 60 117 61
112 82 123 82
112 112 123 112
112 122 123 122
112 125 123 125
112 173 123 173
112 192 123 192
112 193 123 193
112 222 123 222
112 226 123 226
112 228 123 228
112 232 123 232
112 233 123 233
112 240 123 240
112 241 123 241
112 243 123 243
112 244 123 244
113 5 124 5
113 13 124 13
113 14 124 14
113 15 124 15
113 16 124 16
113 21 124 21
113 25 124 25
113 33 124 33
113 96 124 96
113 161 124 161
113 162 124 162
113 163 124 163
113 164 124 164
113 229 124 229
113 230 124 230
114 6 125 6
114 50 125 50
114 66 125 66
114 68 125 68
114 75 125 75
114 83 125 83
114 84 125 84
114 93 125 93
114 94 125 94
114 108 125 108
114 109 125 109
114 111 125 111
114 113 125 113
114 114 125 114
114 115 125 115
114 126 125 126
114 127 125 127
114 137 125 137
114 138 125 138
114 157 125 157
114 158 125 158
114 177 125 177
114 196 125 196
114 204 125 204
114 217 125 217
114 218 125 218
114 221 125 221
114 225 125 225
115 55 120 56
115 71 126 71
115 76 126 76
115 85 126 85
115 102 126 102
115 117 126 117
115 120 126 120
115 140 126 140
115 165 126 165
115 190 126 190
115 197 126 197
115 209 126 209
115 212 126 212
115 236 126 236
116 17 127 17
116 28 127 28
116 34 127 34
116 38 127 38
116 39 127 39
116 40 127 40
116 41 127 41
116 42 127 42
116 43 127 43
116 64 127 64
116 72 127 72
116 90 121 91
116 92 127 92
116 101 127 101
116 105 127 105
116 119 127 119
116 149 127 149
116 154 127 154
116 186 127 186
116 199 127 199
116 200 127 200
116 215 127 215
116 234 127 234
116 235 127 235
116 247 127 247
116 248 127 248
117 31 128 31
117 47 128 47
117 48 128 48
117 97 128 97
117 98 128 98
117 139 128 139
117 141 128 141
117 142 122 143
117 144 128 144
117 145 128 145
117 146 128 146
117 153 128 153
117 182 128 182
117 206 128 206
117 237 128 237
118 2 129 2
118 44 129 44
118 52 129 52
118 53 129 53
118 58 129 58
118 59 129 59
118 60 129 60
118 61 129 61
118 62 129 62
118 65 129 65
118 67 129 67
118 77 129 77
118 78 129 78
118 79 129 79
118 80 129 80
118 103 129 103
118 123 129 123
118 124 129 124
118 169 123 170
118 171 129 171
118 174 129 174
118 183 129 183
118 185 129 185
118 187 129 187
118 188 129 188
118 189 129 189
118 194 129 194
118 205 129 205
118 220 129 220
118 231 129 231
118 242 129 242
119 46 130 46
119 95 130 95
119 110 130 110
119 118 130 118
119 147 130 147
119 195 130 195
119 203 130 203
119 207 130 207
119 208 130 208
119 214 130 214
119 216 130 216
120 11 131 11
120 23 131 23
120 45 131 45
120 73 125 74
120 104 131 104
120 129 131 129
120 130 131 130
120 152 131 152
120 156 131 156
120 159 131 159
120 160 131 160
120 167 131 167
120 175 131 175
120 176 131 176
120 213 131 213
120 223 131 223
120 224 131 224
120 227 131 227
120 249 131 249
121 8 132 8
121 18 132 18
121 19 132 19
121 20 132 20
121 30 132 30
121 55 132 55
121 56 132 56
121 99 132 99
121 100 132 100
121 121 132 121
121 134 132 134
121 135 132 135
121 210 132 210
121 211 132 211
121 219 132 219
121 238 132 238
122 24 133 24
122 29 133 29
122 57 133 57
122 70 133 70
122 86 133 86
122 87 133 87
122 88 133 88
122 89 133 89
122 90 133 90
122 91 133 91
122 106 133 106
122 107 133 107
122 116 133 116
122 132 133 132
122 148 133 148
122 150 133 150
122 178 133 178
122 179 133 179
122 180 133 180
122 191 133 191
122 201 133 201
122 202 133 202
122 245 133 245
123 3 134 3
123 26 134 26
123 27 134 27
123 32 134 32
123 49 134 49
123 63 134 63
123 69 134 69
123 131 134 131
123 133 134 133
123 136 134 136
123 142 134 142
123 143 134 143
123 151 134 151
123 155 134 155
123 168 134 168
123 172 134 172
123 181 134 181
123 198 134 198
123 239 134 239
123 246 134 246
124 0 129 1
124 4 135 4
124 7 135 7
124 9 135 9
124 10 135 10
124 22 135 22
124 37 135 37
124 51 135 51
124 54 135 54
124 81 129 82
124 112 135 112
124 122 135 122
124 125 135 125
124 128 135 128
124 169 135 169
124 170 135 170
124 173 135 173
124 192 135 192
124 193 135 193
124 226 135 226
124 228 135 228
124 232 135 232
124 233 135 233
124 240 135 240
124 241 135 241
124 243 135 243
125 5 136 5
125 12 130 13
125 14 136 14
125 15 136 15
125 16 136 16
125 21 136 21
125 25 136 25
125 36 136 36
125 96 136 96
125 161 136 161
125 162 136 162
125 163 130 164
125 166 136 166
126 50 137 50
126 73 129 75
126 83 137 83
126 84 137 84
126 93 137 93
126 108 137 108
126 109 137 109
126 111 137 111
126 113 137 113
126 114 137 114
126 115 137 115
126 126 137 126
126 127 137 127
126 137 137 137
126 138 137 138
126 157 137 157
126 158 137 158
126 177 137 177
126 196 137 196
126 204 137 204
126 217 137 217
126 218 137 218
126 221 137 221
126 225 137 225
126 230 137 230
127 35 138 35
127 71 138 71
127 76 138 76
127 85 138 85
127 94 138 94
127 102 138 102
127 117 138 117
127 120 138 120
127 140 138 140
127 190 138 190
127 197 138 197
127 209 138 209
127 212 138 212
127 229 138 229
127 236 138 236
128 28 139 28
128 34 139 34
128 38 139 38
128 39 133 40
128 41 139 41
128 42 139 42
128 43 139 43
128 64 139 64
128 72 139 72
128 92 139 92
128 101 139 101
128 105 139 105
128 119 139 119
128 149 139 149
128 154 139 154
128 186 139 186
128 199 139 199
128 200 139 200
128 215 139 215
128 234 139 234
128 235 139 235
128 247 139 247
128 248 139 248
129 31 140 31
129 47 140 47
129 48 140 48
129 97 140 97
129 98 140 98
129 139 140 139
129 141 140 141
129 144 134 145
129 146 140 146
129 153 140 153
129 165 140 165
129 182 140 182
129 184 140 184
129 206 140 206
130 0 141 0
130 1 141 1
130 2 141 2
130 6 141 6
130 44 141 44
130 52 141 52
130 53 141 53
130 58 135 59
130 60 141 60
130 61 141 61
130 62 141 62
130 65 141 65
130 66 141 66
130 67 141 67
130 68 141 68
130 73 141 73
130 74 141 74
130 75 141 75
130 77 131 82
130 103 141 103
130 123 135 124
130 171 141 171
130 183 141 183
130 185 141 185
130 187 141 187
130 188 141 188
130 189 141 189
130 194 141 194
130 205 141 205
130 220 141 220
130 222 141 222
130 231 141 231
131 12 136 13
131 17 142 17
131 46 142 46
131 95 142 95
131 118 142 118
131 147 142 147
131 163 142 163
131 164 142 164
131 195 142 195
131 203 142 203
131 207 142 207
131 208 142 208
131 214 142 214
131 216 142 216
131 242 142 242
131 244 142 244
132 11 143 11
132 23 143 23
132 45 143 45
132 78 143 78
132 79 143 79
132 80 143 80
132 129 143 129
132 130 143 130
132 152 143 152
132 159 143 159
132 160 143 160
132 167 143 167
132 174 137 175
132 176 143 176
132 213 143 213
132 223 143 223
132 224 143 224
132 227 143 227
132 249 143 249
133 8 144 8
133 18 144 18
133 19 144 19
133 20 144 20
133 30 144 30
133 55 144 55
133 56 144 56
133 82 144 82
133 99 144 99
133 100 144 100
133 121 144 121
133 135 144 135
133 210 144 210
133 211 144 211
133 219 144 219
133 237 138 238
134 24 145 24
134 29 145 29
134 39 145 39
134 40 145 40
134 57 145 57
134 70 145 70
134 77 145 77
134 86 145 86
134 87 145 87
134 88 145 88
134 89 145 89
134 90 145 90
134 104 145 104
134 106 145 106
134 107 145 107
134 116 145 116
134 132 145 132
134 148 145 148
134 178 145 178
134 179 145 179
134 180 145 180
134 191 145 191
134 201 145 201
134 202 145 202
135 3 146 3
135 26 146 26
135 27 146 27
135 49 146 49
135 63 146 63
135 69 146 69
135 131 146 131
135 133 146 133
135 142 140 143
135 144 146 144
135 150 140 151
135 155 146 155
135 168 146 168
135 172 146 172
135 181 146 181
135 198 146 198
135 239 146 239
135 245 140 246
136 4 147 4
136 7 147 7
136 9 147 9
136 10 147 10
136 22 147 22
136 37 147 37
136 51 147 51
136 54 147 54
136 58 147 58
136 59 147 59
136 112 147 112
136 122 147 122
136 123 147 123
136 124 147 124
136 125 147 125
136 128 147 128
136 136 147 136
136 169 141 170
136 173 147 173
136 192 147 192
136 228 147 228
136 232 147 232
136 233 147 233
136 240 147 240
136 241 147 241
137 12 148 12
137 13 148 13
137 14 148 14
137 15 148 15
137 16 148 16
137 21 148 21
137 25 148 25
137 36 148 36
137 134 148 134
137 161 148 161
137 166 148 166
137 193 148 193
138 32 149 32
138 50 149 50
138 83 149 83
138 84 149 84
138 93 149 93
138 96 149 96
138 108 143 109
138 110 143 111
138 113 149 113
138 114 149 114
138 126 143 127
138 137 149 137
138 138 149 138
138 157 143 158
138 162 149 162
138 175 149 175
138 177 149 177
138 196 149 196
138 204 149 204
138 217 149 217
138 218 149 218
138 221 149 221
138 225 149 225
138 230 149 230
139 85 150 85
139 94 150 94
139 102 150 102
139 115 150 115
139 117 150 117
139 120 150 120
139 140 150 140
139 145 150 145
139 190 150 190
139 209 150 209
139 212 150 212
139 229 150 229
139 236 150 236
139 237 150 237
140 33 145 34
140 38 151 38
140 41 151 41
140 42 151 42
140 43 151 43
140 64 151 64
140 72 151 72
140 92 151 92
140 101 151 101
140 105 151 105
140 119 151 119
140 154 151 154
140 186 151 186
140 199 151 199
140 200 151 200
140 215 151 215
140 234 151 234
140 235 151 235
140 247 151 247
140 248 151 248
141 5 152 5
141 31 152 31
141 47 152 47
141 48 152 48
141 76 152 76
141 97 152 97
141 139 152 139
141 141 152 141
141 143 152 143
141 149 146 150
141 151 152 151
141 153 152 153
141 165 152 165
141 182 152 182
141 184 152 184
141 206 152 206
141 245 146 246
142 0 153 0
142 1 153 1
142 6 153 6
142 44 153 44
142 52 153 52
142 53 153 53
142 60 153 60
142 61 153 61
142 62 153 62
142 65 153 65
142 66 153 66
142 67 153 67
142 68 153 68
142 73 147 74
142 75 153 75
142 81 153 81
142 91 153 91
142 98 153 98
142 103 153 103
142 146 153 146
142 169 153 169
142 170 147 171
142 174 153 174
142 183 153 183
142 185 153 185
142 187 153 187
142 188 153 188
142 194 153 194
142 205 153 205
142 220 153 220
142 222 153 222
142 226 153 226
143 17 154 17
143 28 154 28
143 95 154 95
143 118 154 118
143 142 154 142
143 147 154 147
143 163 154 163
143 164 154 164
143 189 154 189
143 195 154 195
143 203 154 203
143 208 154 208
143 214 154 214
143 216 154 216
143 242 148 243
144 2 155 2
144 11 155 11
144 23 155 23
144 45 155 45
144 78 155 78
144 79 155 79
144 80 155 80
144 108 155 108
144 109 155 109
144 111 155 111
144 126 155 126
144 127 155 127
144 129 155 129
144 130 155 130
144 152 155 152
144 157 155 157
144 158 155 158
144 159 155 159
144 160 155 160
144 167 155 167
144 176 155 176
144 207 155 207
144 223 155 223
144 224 155 224
144 227 155 227
144 238 155 238
144 249 155 249
145 18 156 18
145 19 156 19
145 20 156 20
145 30 156 30
145 46 156 46
145 82 156 82
145 99 156 99
145 100 156 100
145 121 156 121
145 135 156 135
145 210 156 210
145 211 156 211
145 219 156 219
146 24 157 24
146 29 157 29
146 33 157 33
146 34 157 34
146 39 157 39
146 40 157 40
146 55 157 55
146 56 157 56
146 57 157 57
146 70 157 70
146 71 157 71
146 77 157 77
146 86 157 86
146 87 157 87
146 88 157 88
146 89 157 89
146 104 157 104
146 106 157 106
146 107 157 107
146 116 157 116
146 132 157 132
146 148 157 148
146 178 157 178
146 179 151 180
146 191 157 191
146 201 157 201
146 202 157 202
147 3 158 3
147 26 158 26
147 27 158 27
147 35 158 35
147 49 158 49
147 63 158 63
147 69 158 69
147 90 158 90
147 131 158 131
147 133 158 133
147 144 158 144
147 149 158 149
147 150 158 150
147 155 158 155
147 168 158 168
147 172 158 172
147 197 152 198
147 245 158 245
147 246 158 246
148 4 159 4
148 7 159 7
148 8 159 8
148 9 159 9
148 22 159 22
148 37 159 37
148 58 159 58
148 59 159 59
148 73 159 73
148 74 159 74
148 110 159 110
148 112 159 112
148 122 159 122
148 123 159 123
148 124 159 124
148 125 159 125
148 128 159 128
148 136 159 136
148 170 153 171
148 173 159 173
148 192 159 192
148 228 159 228
148 231 159 231
148 232 159 232
148 233 159 233
148 239 153 240
148 241 159 241
149 12 160 12
149 13 160 13
149 14 160 14
149 15 160 15
149 16 160 16
149 21 160 21
149 25 160 25
149 36 160 36
149 54 160 54
149 134 160 134
149 156 160 156
149 161 160 161
149 166 160 166
149 193 160 193
149 242 160 242
149 243 160 243
150 32 161 32
150 50 161 50
150 51 161 51
150 83 161 83
150 84 161 84
150 93 161 93
150 113 161 113
150 137 161 137
150 138 161 138
150 162 161 162
150 175 161 175
150 177 161 177
150 196 161 196
150 204 161 204
150 217 155 218
150 221 161 221
150 225 161 225
150 230 161 230
150 244 161 244
151 10 162 10
151 85 162 85
151 94 162 94
151 102 162 102
151 114 162 114
151 115 162 115
151 117 162 117
151 120 162 120
151 145 162 145
151 190 162 190
151 209 162 209
151 212 162 212
151 213 162 213
151 229 162 229
151 236 162 236
151 237 162 237
152 38 163 38
152 41 155 43
152 64 163 64
152 72 163 72
152 92 163 92
152 96 163 96
152 101 163 101
152 105 163 105
152 119 163 119
152 140 163 140
152 154 163 154
152 179 163 179
152 180 163 180
152 181 163 181
152 199 163 199
152 200 163 200
152 215 163 215
152 234 163 234
152 235 163 235
152 247 157 248
153 5 164 5
153 31 164 31
153 47 164 47
153 48 164 48
153 76 164 76
153 97 164 97
153 139 164 139
153 143 164 143
153 151 164 151
153 153 164 153
153 165 164 165
153 182 164 182
153 197 164 197
153 198 164 198
153 206 164 206
154 0 159 1
154 6 165 6
154 44 165 44
154 52 165 52
154 53 165 53
154 60 165 60
154 61 165 61
154 62 165 62
154 65 165 65
154 66 165 66
154 67 165 67
154 68 165 68
154 75 165 75
154 81 165 81
154 91 165 91
154 98 165 98
154 103 165 103
154 146 165 146
154 169 165 169
154 170 165 170
154 171 165 171
154 174 165 174
154 183 165 183
154 184 159 185
154 186 157 188
154 194 165 194
154 205 165 205
154 220 165 220
154 222 165 222
154 226 165 226
154 240 165 240
155 17 166 17
155 95 166 95
155 142 166 142
155 147 166 147
155 163 166 163
155 189 166 189
155 195 166 195
155 203 166 203
155 208 166 208
155 214 166 214
155 216 166 216
156 2 167 2
156 11 167 11
156 23 167 23
156 41 167 41
156 42 161 43
156 45 167 45
156 78 159 80
156 108 167 108
156 109 167 109
156 111 167 111
156 126 167 126
156 127 167 127
156 129 167 129
156 130 167 130
156 152 167 152
156 157 167 157
156 159 167 159
156 160 167 160
156 167 167 167
156 176 167 176
156 207 167 207
156 217 167 217
156 218 167 218
156 224 167 224
156 238 167 238
156 249 167 249
157 18 168 18
157 19 168 19
157 30 168 30
157 46 168 46
157 82 168 82
157 99 168 99
157 100 168 100
157 118 168 118
157 121 168 121
157 158 168 158
157 210 168 210
157 211 168 211
157 219 168 219
158 24 169 24
158 28 163 29
158 33 163 34
158 39 169 39
158 55 169 55
158 56 169 56
158 57 169 57
158 70 163 71
158 77 169 77
158 86 163 87
158 88 169 88
158 89 169 89
158 104 169 104
158 106 169 106
158 107 169 107
158 116 169 116
158 132 169 132
158 135 169 135
158 148 169 148
158 178 169 178
158 187 169 187
158 188 169 188
158 191 169 191
158 201 163 202
158 223 169 223
158 227 169 227
158 247 169 247
158 248 169 248
159 3 170 3
159 26 170 26
159 27 170 27
159 35 170 35
159 40 170 40
159 49 170 49
159 63 170 63
159 69 170 69
159 131 170 131
159 133 170 133
159 144 170 144
159 149 170 149
159 150 170 150
159 155 170 155
159 164 170 164
159 168 170 168
159 172 170 172
159 186 170 186
159 239 170 239
159 245 164 246
160 0 171 0
160 1 171 1
160 7 171 7
160 8 171 8
160 9 171 9
160 22 171 22
160 37 171 37
160 58 171 58
160 73 171 73
160 74 171 74
160 78 165 79
160 80 171 80
160 110 171 110
160 112 171 112
160 122 165 123
160 128 171 128
160 184 171 184
160 185 171 185
160 192 171 192
160 228 171 228
160 231 171 231
160 232 171 232
160 233 171 233
160 241 171 241
161 4 172 4
161 12 172 12
161 13 172 13
161 14 172 14
161 15 172 15
161 16 172 16
161 20 166 21
161 25 172 25
161 36 172 36
161 54 172 54
161 134 172 134
161 156 172 156
161 161 172 161
161 166 172 166
161 193 172 193
161 242 172 242
161 243 172 243
162 42 173 42
162 50 173 50
162 51 173 51
162 59 173 59
162 83 173 83
162 84 173 84
162 90 173 90
162 93 173 93
162 113 173 113
162 125 173 125
162 136 167 137
162 138 173 138
162 162 173 162
162 175 173 175
162 177 173 177
162 204 173 204
162 221 173 221
162 225 173 225
162 230 173 230
162 244 173 244
163 43 174 43
163 85 174 85
163 94 174 94
163 102 174 102
163 114 174 114
163 115 174 115
163 120 174 120
163 141 174 141
163 145 174 145
163 190 174 190
163 209 174 209
163 213 174 213
163 229 174 229
163 236 174 236
163 237 174 237
164 28 175 28
164 29 175 29
164 33 169 34
164 38 175 38
164 64 175 64
164 70 169 71
164 72 175 72
164 86 175 86
164 87 175 87
164 92 175 92
164 96 175 96
164 101 175 101
164 105 175 105
164 179 175 179
164 180 175 180
164 181 175 181
164 199 175 199
164 200 175 200
164 201 169 202
164 215 175 215
164 234 175 234
164 235 175 235
165 31 170 32
165 47 176 47
165 48 176 48
165 76 176 76
165 97 176 97
165 119 176 119
165 139 176 139
165 143 176 143
165 151 176 151
165 153 176 153
165 165 176 165
165 173 176 173
165 182 176 182
165 197 176 197
165 198 176 198
165 206 176 206
165 245 176 245
165 246 176 246
166 5 171 6
166 10 177 10
166 44 177 44
166 52 177 52
166 53 177 53
166 60 177 60
166 61 177 61
166 62 177 62
166 65 171 66
166 67 171 68
166 78 177 78
166 79 177 79
166 81 177 81
166 91 177 91
166 98 177 98
166 103 177 103
166 122 171 123
166 146 177 146
166 169 171 170
166 171 177 171
166 174 177 174
166 183 177 183
166 194 177 194
166 205 177 205
166 212 177 212
166 220 177 220
166 222 177 222
166 226 177 226
166 240 177 240
167 20 172 21
167 75 178 75
167 95 178 95
167 142 178 142
167 147 178 147
167 163 178 163
167 189 178 189
167 195 178 195
167 196 178 196
167 203 178 203
167 214 178 214
167 216 178 216
168 11 179 11
168 23 179 23
168 45 179 45
168 108 179 108
168 111 179 111
168 126 179 126
168 127 179 127
168 129 173 130
168 136 179 136
168 137 179 137
168 152 179 152
168 157 179 157
168 159 179 159
168 167 179 167
168 176 179 176
168 207 179 207
168 217 179 217
168 218 179 218
168 224 179 224
168 238 179 238
168 249 179 249
169 2 180 2
169 17 172 19
169 30 180 30
169 41 180 41
169 46 180 46
169 82 180 82
169 99 180 99
169 100 180 100
169 117 180 117
169 118 180 118
169 121 180 121
169 158 180 158
169 210 174 211
169 219 180 219
170 24 181 24
170 34 181 34
170 39 181 39
170 55 181 55
170 56 181 56
170 57 181 57
170 70 181 70
170 71 181 71
170 77 181 77
170 88 181 88
170 89 181 89
170 104 181 104
170 106 181 106
170 107 181 107
170 116 181 116
170 124 181 124
170 135 181 135
170 148 181 148
170 178 181 178
170 187 181 187
170 191 181 191
170 201 181 201
170 202 181 202
170 223 181 223
170 227 181 227
170 248 181 248
171 3 182 3
171 26 176 27
171 31 182 31
171 32 182 32
171 35 182 35
171 40 182 40
171 49 182 49
171 63 182 63
171 69 182 69
171 131 182 131
171 132 176 133
171 144 182 144
171 149 182 149
171 150 182 150
171 154 176 155
171 160 182 160
171 164 182 164
171 168 182 168
171 172 182 172
171 186 182 186
171 208 182 208
171 239 182 239
171 247 182 247
172 0 183 0
172 1 183 1
172 5 177 6
172 7 183 7
172 8 183 8
172 9 183 9
172 58 183 58
172 65 183 65
172 66 183 66
172 68 183 68
172 73 183 73
172 74 183 74
172 80 183 80
172 109 183 109
172 122 183 122
172 123 183 123
172 128 183 128
172 169 183 169
172 184 183 184
172 185 183 185
172 228 183 228
172 231 183 231
172 232 183 232
172 233 183 233
173 4 184 4
173 12 184 12
173 13 184 13
173 14 174 19
173 20 184 20
173 21 184 21
173 25 184 25
173 36 184 36
173 54 184 54
173 110 184 110
173 112 184 112
173 134 184 134
173 156 184 156
173 166 184 166
173 188 184 188
173 192 184 192
173 193 184 193
173 241 178 242
173 243 184 243
174 33 185 33
174 42 185 42
174 50 185 50
174 51 185 51
174 59 185 59
174 83 185 83
174 90 185 90
174 93 185 93
174 113 185 113
174 125 185 125
174 129 185 129
174 130 185 130
174 138 185 138
174 162 185 162
174 204 185 204
174 221 185 221
174 230 185 230
175 14 186 14
175 15 186 15
175 16 186 16
175 17 180 18
175 19 186 19
175 43 186 43
175 84 180 85
175 94 186 94
175 102 186 102
175 114 186 114
175 115 186 115
175 120 186 120
175 141 186 141
175 145 186 145
175 177 186 177
175 190 186 190
175 209 186 209
175 210 186 210
175 211 186 211
175 213 186 213
175 229 186 229
175 236 186 236
175 237 186 237
176 28 181 29
176 37 181 38
176 64 187 64
176 86 187 86
176 92 187 92
176 96 187 96
176 101 187 101
176 105 187 105
176 179 187 179
176 180 187 180
176 181 187 181
176 199 187 199
176 200 187 200
176 215 187 215
176 234 187 234
176 235 187 235
177 26 188 26
177 27 188 27
177 47 188 47
177 48 188 48
177 72 188 72
177 76 188 76
177 87 188 87
177 97 188 97
177 119 188 119
177 139 188 139
177 143 188 143
177 151 188 151
177 154 188 154
177 165 188 165
177 173 188 173
177 182 188 182
177 197 182 198
177 206 188 206
177 245 182 246
178 5 189 5
178 6 189 6
178 10 189 10
178 44 189 44
178 52 183 53
178 60 189 60
178 61 189 61
178 62 189 62
178 78 189 78
178 79 189 79
178 81 189 81
178 91 189 91
178 98 189 98
178 103 189 103
178 146 189 146
178 153 189 153
178 170 183 171
178 174 189 174
178 183 189 183
178 194 189 194
178 205 189 205
178 212 189 212
178 220 189 220
178 222 189 222
178 225 183 226
178 240 189 240
179 22 190 22
179 75 190 75
179 142 190 142
179 147 190 147
179 163 190 163
179 189 190 189
179 195 190 195
179 196 190 196
179 203 190 203
179 214 190 214
179 216 190 216
179 241 190 241
180 11 191 11
180 23 191 23
180 45 191 45
180 67 191 67
180 108 191 108
180 111 191 111
180 126 191 126
180 127 191 127
180 136 191 136
180 137 191 137
180 152 191 152
180 155 191 155
180 157 191 157
180 159 191 159
180 161 191 161
180 167 191 167
180 176 191 176
180 207 191 207
180 217 191 217
180 224 191 224
180 238 191 238
180 242 191 242
180 249 191 249
181 17 192 17
181 18 192 18
181 30 192 30
181 41 192 41
181 46 192 46
181 82 192 82
181 84 192 84
181 85 192 85
181 99 192 99
181 100 192 100
181 117 192 117
181 121 192 121
181 140 192 140
181 218 192 218
181 219 192 219
181 244 192 244
182 28 187 29
182 34 193 34
182 37 193 37
182 38 187 39
182 55 193 55
182 56 193 56
182 57 193 57
182 70 187 71
182 77 193 77
182 88 193 88
182 89 193 89
182 104 193 104
182 106 193 106
182 107 193 107
182 116 193 116
182 124 193 124
182 135 193 135
182 158 193 158
182 175 193 175
182 187 193 187
182 201 187 202
182 227 193 227
182 248 193 248
183 2 188 3
183 31 194 31
183 32 194 32
183 35 194 35
183 40 194 40
183 49 194 49
183 63 194 63
183 69 194 69
183 95 194 95
183 118 194 118
183 131 194 131
183 132 194 132
183 148 194 148
183 149 188 150
183 160 194 160
183 164 194 164
183 168 194 168
183 172 194 172
183 186 194 186
183 197 194 197
183 198 194 198
183 208 194 208
183 239 194 239
183 245 194 245
183 246 194 246
183 247 194 247
184 0 195 0
184 7 195 7
184 8 195 8
184 9 195 9
184 52 195 52
184 53 195 53
184 58 195 58
184 66 195 66
184 73 195 73
184 109 195 109
184 122 195 122
184 123 195 123
184 128 195 128
184 133 195 133
184 169 195 169
184 170 195 170
184 171 195 171
184 184 195 184
184 185 195 185
184 231 195 231
184 232 195 232
184 233 195 233
185 4 196 4
185 12 196 12
185 13 196 13
185 20 196 20
185 21 196 21
185 25 196 25
185 54 196 54
185 80 196 80
185 112 196 112
185 134 196 134
185 144 196 144
185 156 196 156
185 178 196 178
185 188 196 188
185 191 188 193
185 223 196 223
185 225 196 225
185 226 196 226
186 33 197 33
186 42 197 42
186 50 197 50
186 51 197 51
186 59 197 59
186 83 197 83
186 90 197 90
186 93 197 93
186 110 197 110
186 113 197 113
186 125 197 125
186 129 197 129
186 130 197 130
186 138 197 138
186 162 197 162
186 204 197 204
186 221 197 221
186 230 197 230
187 14 198 14
187 15 198 15
187 16 198 16
187 19 198 19
187 43 198 43
187 94 198 94
187 102 198 102
187 114 198 114
187 115 198 115
187 145 198 145
187 177 198 177
187 190 198 190
187 209 198 209
187 210 198 210
187 213 198 213
187 228 198 228
187 236 198 236
187 237 198 237
188 28 199 28
188 29 199 29
188 39 199 39
188 64 199 64
188 70 199 70
188 71 199 71
188 86 199 86
188 92 199 92
188 96 199 96
188 101 199 101
188 105 199 105
188 120 199 120
188 179 199 179
188 180 199 180
188 181 199 181
188 199 193 200
188 201 199 201
188 202 199 202
188 215 199 215
188 234 199 234
188 235 199 235
189 2 199 2
189 3 199 3
189 26 194 27
189 47 194 48
189 72 199 72
189 76 199 76
189 87 199 87
189 97 199 97
189 119 199 119
189 139 199 139
189 143 199 143
189 149 194 150
189 151 199 151
189 154 199 154
189 165 194 166
189 173 199 173
189 182 199 182
189 191 194 192
189 193 199 193
189 206 199 206
190 10 199 10
190 60 195 61
190 62 199 62
190 78 195 79
190 81 199 81
190 91 199 91
190 153 199 153
190 174 199 174
190 183 199 183
190 205 199 205
190 211 195 212
190 220 199 220
190 240 199 240
191 5 196 6
191 22 199 22
191 75 199 75
191 141 196 142
191 146 196 147
191 163 199 163
191 194 196 195
191 196 199 196
191 214 199 214
191 216 199 216
191 241 199 241
192 11 199 11
192 23 197 24
192 44 197 45
192 67 197 68
192 136 197 137
192 152 199 152
192 207 199 207
192 217 199 217
192 224 199 224
192 242 197 243
193 17 198 18
194 36 199 37
194 55 199 56
194 84 199 85
194 103 199 104
194 106 199 107
194 157 199 158
194 175 199 176
194 199 199 200
194 248 199 249
195 26 199 27
195 30 198 32
195 46 197 49
195 131 199 132
195 148 198 150
195 159 198 161
195 164 197 167
195 197 199 198
195 238 199 239
195 244 197 247
196 7 199 9
196 77 199 79
196 108 199 109
196 121 199 123
196 126 199 128
196 168 198 171
196 184 198 187
196 231 199 233
197 52 199 54
197 225 199 227
198 44 198 51
198 57 199 61
198 65 199 69
198 242 199 247
199 12 199 21
